<?xml version="1.0" encoding="UTF-8"?>
<!-- Generated by org.testng.reporters.JUnitXMLReporter -->
<testsuite ignored="2" hostname="MSI" failures="5" tests="5" name="Surefire test" time="13.617" errors="0" timestamp="2023-08-01T01:03:40 IST">
  <testcase classname="tests.HomeTest" name="checkLogOut" time="0.0">
    <failure type="org.testng.TestNGException" message="
Parameter &amp;apos;username&amp;apos; is required by @Test on method checkLogOut but has not been marked @Optional or defined
">
      <![CDATA[org.testng.TestNGException: 
Parameter 'username' is required by @Test on method checkLogOut but has not been marked @Optional or defined

at java.base/java.util.ArrayList.forEach(ArrayList.java:1511)
... Removed 31 stack frames]]>
    </failure>
  </testcase> <!-- checkLogOut -->
  <testcase classname="tests.LoginTest" name="checkLogin" time="0.002">
    <failure type="java.lang.NullPointerException" message="Cannot invoke &amp;quot;com.aventstack.extentreports.ExtentReports.createTest(String)&amp;quot; because &amp;quot;this.extent&amp;quot; is null">
      <![CDATA[java.lang.NullPointerException: Cannot invoke "com.aventstack.extentreports.ExtentReports.createTest(String)" because "this.extent" is null
at tests.LoginTest.checkLogin(LoginTest.java:17)
at java.base/java.util.ArrayList.forEach(ArrayList.java:1511)
... Removed 30 stack frames]]>
    </failure>
  </testcase> <!-- checkLogin -->
  <testcase classname="tests.LoginTest" name="checkLogin" time="0.001">
    <failure type="java.lang.NullPointerException" message="Cannot invoke &amp;quot;com.aventstack.extentreports.ExtentReports.createTest(String)&amp;quot; because &amp;quot;this.extent&amp;quot; is null">
      <![CDATA[java.lang.NullPointerException: Cannot invoke "com.aventstack.extentreports.ExtentReports.createTest(String)" because "this.extent" is null
at tests.LoginTest.checkLogin(LoginTest.java:17)
at java.base/java.util.ArrayList.forEach(ArrayList.java:1511)
... Removed 30 stack frames]]>
    </failure>
  </testcase> <!-- checkLogin -->
  <testcase classname="tests.LoginTest" name="checkLogin" time="0.001">
    <failure type="java.lang.NullPointerException" message="Cannot invoke &amp;quot;com.aventstack.extentreports.ExtentReports.createTest(String)&amp;quot; because &amp;quot;this.extent&amp;quot; is null">
      <![CDATA[java.lang.NullPointerException: Cannot invoke "com.aventstack.extentreports.ExtentReports.createTest(String)" because "this.extent" is null
at tests.LoginTest.checkLogin(LoginTest.java:17)
at java.base/java.util.ArrayList.forEach(ArrayList.java:1511)
... Removed 30 stack frames]]>
    </failure>
  </testcase> <!-- checkLogin -->
  <testcase classname="tests.LoginTest" name="checkLogin" time="0.0">
    <failure type="java.lang.NullPointerException" message="Cannot invoke &amp;quot;com.aventstack.extentreports.ExtentReports.createTest(String)&amp;quot; because &amp;quot;this.extent&amp;quot; is null">
      <![CDATA[java.lang.NullPointerException: Cannot invoke "com.aventstack.extentreports.ExtentReports.createTest(String)" because "this.extent" is null
at tests.LoginTest.checkLogin(LoginTest.java:17)
at java.base/java.util.ArrayList.forEach(ArrayList.java:1511)
... Removed 30 stack frames]]>
    </failure>
  </testcase> <!-- checkLogin -->
  <testcase classname="driverFactory.BaseClass" name="@BeforeTest init" time="0.0">
    <ignored/>
  </testcase> <!-- @BeforeTest init -->
  <testcase classname="driverFactory.BaseClass" name="@AfterTest tear" time="0.0">
    <ignored/>
  </testcase> <!-- @AfterTest tear -->
</testsuite> <!-- Surefire test -->
